Start testing: Jan 04 17:57 +07
----------------------------------------------------------
1/4 Testing: integration: writes only median changes (TЗ, fixed-8)
1/4 Test: integration: writes only median changes (TЗ, fixed-8)
Command: "/home/ionin/work/csvmediancalculator/build/csv_median_calculator_tests" "integration: writes only median changes (TЗ\, fixed-8)"
Directory: /home/ionin/work/csvmediancalculator/build
"integration: writes only median changes (TЗ, fixed-8)" start time: Jan 04 17:57 +07
Output:
----------------------------------------------------------
[2026-01-04 17:57:07.580] [info] Starting csv_median_calculator
[2026-01-04 17:57:07.581] [info] Found 1 csv file(s)
[2026-01-04 17:57:07.581] [info] Processed 4 event(s), wrote 4 median change(s)
[2026-01-04 17:57:07.581] [info] Saved: /tmp/csv_median_calculator_it/output/median_result.csv
Filters: "integration: writes only median changes (TЗ\, fixed-8)"
Randomness seeded to: 4088377027
===============================================================================
All tests passed (7 assertions in 1 test case)

<end of output>
Test time =   0.02 sec
----------------------------------------------------------
Test Passed.
"integration: writes only median changes (TЗ, fixed-8)" end time: Jan 04 17:57 +07
"integration: writes only median changes (TЗ, fixed-8)" time elapsed: 00:00:00
----------------------------------------------------------

2/4 Testing: strict_csv rejects invalid side (TЗ error handling)
2/4 Test: strict_csv rejects invalid side (TЗ error handling)
Command: "/home/ionin/work/csvmediancalculator/build/csv_median_calculator_tests" "strict_csv rejects invalid side (TЗ error handling)"
Directory: /home/ionin/work/csvmediancalculator/build
"strict_csv rejects invalid side (TЗ error handling)" start time: Jan 04 17:57 +07
Output:
----------------------------------------------------------
[2026-01-04 17:57:07.599] [info] Starting csv_median_calculator
[2026-01-04 17:57:07.599] [info] Found 1 csv file(s)
[2026-01-04 17:57:07.600] [error] Error: /tmp/csv_median_calculator_bad_side/input/trade.csv:2: invalid side: 'WTF'
Filters: "strict_csv rejects invalid side (TЗ error handling)"
Randomness seeded to: 2486817641
===============================================================================
All tests passed (4 assertions in 1 test case)

<end of output>
Test time =   0.02 sec
----------------------------------------------------------
Test Passed.
"strict_csv rejects invalid side (TЗ error handling)" end time: Jan 04 17:57 +07
"strict_csv rejects invalid side (TЗ error handling)" time elapsed: 00:00:00
----------------------------------------------------------

3/4 Testing: strict_csv rejects invalid rebuild (TЗ error handling)
3/4 Test: strict_csv rejects invalid rebuild (TЗ error handling)
Command: "/home/ionin/work/csvmediancalculator/build/csv_median_calculator_tests" "strict_csv rejects invalid rebuild (TЗ error handling)"
Directory: /home/ionin/work/csvmediancalculator/build
"strict_csv rejects invalid rebuild (TЗ error handling)" start time: Jan 04 17:57 +07
Output:
----------------------------------------------------------
[2026-01-04 17:57:07.616] [info] Starting csv_median_calculator
[2026-01-04 17:57:07.616] [info] Found 1 csv file(s)
[2026-01-04 17:57:07.617] [error] Error: /tmp/csv_median_calculator_bad_rebuild/input/level.csv:2: invalid bool01 (expected 0/1): '2'
Filters: "strict_csv rejects invalid rebuild (TЗ error handling)"
Randomness seeded to: 3293283185
===============================================================================
All tests passed (4 assertions in 1 test case)

<end of output>
Test time =   0.02 sec
----------------------------------------------------------
Test Passed.
"strict_csv rejects invalid rebuild (TЗ error handling)" end time: Jan 04 17:57 +07
"strict_csv rejects invalid rebuild (TЗ error handling)" time elapsed: 00:00:00
----------------------------------------------------------

4/4 Testing: strict_csv error contains file and line (TЗ requirement)
4/4 Test: strict_csv error contains file and line (TЗ requirement)
Command: "/home/ionin/work/csvmediancalculator/build/csv_median_calculator_tests" "strict_csv error contains file and line (TЗ requirement)"
Directory: /home/ionin/work/csvmediancalculator/build
"strict_csv error contains file and line (TЗ requirement)" start time: Jan 04 17:57 +07
Output:
----------------------------------------------------------
Filters: "strict_csv error contains file and line (TЗ requirement)"
Randomness seeded to: 1383433518
===============================================================================
All tests passed (2 assertions in 1 test case)

<end of output>
Test time =   0.01 sec
----------------------------------------------------------
Test Passed.
"strict_csv error contains file and line (TЗ requirement)" end time: Jan 04 17:57 +07
"strict_csv error contains file and line (TЗ requirement)" time elapsed: 00:00:00
----------------------------------------------------------

End testing: Jan 04 17:57 +07
